<?xml version="1.0" encoding="UTF-8"?>
<testsuite name="com.yabets.cartservice.controller.CartControllerTest" tests="1" skipped="0" failures="0" errors="0" timestamp="2025-08-09T11:10:22" hostname="Yabetss-MBP-2.et.apposit.com" time="0.161">
  <properties/>
  <testcase name="getCartQuote_shouldReturnQuoteResponse()" classname="com.yabets.cartservice.controller.CartControllerTest" time="0.161"/>
  <system-out><![CDATA[14:10:21.008 [Test worker] INFO org.springframework.test.context.support.AnnotationConfigContextLoaderUtils -- Could not detect default configuration classes for test class [com.yabets.cartservice.controller.CartControllerTest]: CartControllerTest does not declare any static, non-private, non-final, nested classes annotated with @Configuration.
14:10:21.084 [Test worker] INFO org.springframework.boot.test.context.SpringBootTestContextBootstrapper -- Found @SpringBootConfiguration com.yabets.cartservice.CartServiceApplication for test class com.yabets.cartservice.controller.CartControllerTest

  .   ____          _            __ _ _
 /\\ / ___'_ __ _ _(_)_ __  __ _ \ \ \ \
( ( )\___ | '_ | '_| | '_ \/ _` | \ \ \ \
 \\/  ___)| |_)| | | | | || (_| |  ) ) ) )
  '  |____| .__|_| |_|_| |_\__, | / / / /
 =========|_|==============|___/=/_/_/_/
 :: Spring Boot ::                (v3.2.5)

2025-08-09T14:10:21.253+03:00  INFO 51873 --- [    Test worker] c.y.c.controller.CartControllerTest      : Starting CartControllerTest using Java 17.0.12 with PID 51873 (started by yabetslemma in /Users/yabetslemma/github/gemini/cart-service)
2025-08-09T14:10:21.254+03:00  INFO 51873 --- [    Test worker] c.y.c.controller.CartControllerTest      : No active profile set, falling back to 1 default profile: "default"
2025-08-09T14:10:22.244+03:00  INFO 51873 --- [    Test worker] o.s.b.t.m.w.SpringBootMockServletContext : Initializing Spring TestDispatcherServlet ''
2025-08-09T14:10:22.244+03:00  INFO 51873 --- [    Test worker] o.s.t.web.servlet.TestDispatcherServlet  : Initializing Servlet ''
2025-08-09T14:10:22.246+03:00  INFO 51873 --- [    Test worker] o.s.t.web.servlet.TestDispatcherServlet  : Completed initialization in 1 ms
2025-08-09T14:10:22.263+03:00  INFO 51873 --- [    Test worker] c.y.c.controller.CartControllerTest      : Started CartControllerTest in 1.139 seconds (process running for 1.67)
]]></system-out>
  <system-err><![CDATA[]]></system-err>
</testsuite>
